<?xml version="1.0" encoding="UTF-8"?>
<coverage generated="1744836922283" clover="3.2.0">
  <project timestamp="1744836922283" name="All files">
    <metrics statements="180" coveredstatements="135" conditionals="91" coveredconditionals="48" methods="23" coveredmethods="20" elements="294" coveredelements="203" complexity="0" loc="180" ncloc="180" packages="1" files="2" classes="2"/>
    <file name="EncryptedIndex.ts" path="/Users/jamesarmbruster/Documents/repos/cyborgdb-js/src/EncryptedIndex.ts">
      <metrics statements="129" coveredstatements="104" conditionals="68" coveredconditionals="44" methods="17" coveredmethods="15"/>
      <line num="2" count="2" type="stmt"/>
      <line num="19" count="2" type="stmt"/>
      <line num="20" count="16" type="stmt"/>
      <line num="23" count="16" type="stmt"/>
      <line num="24" count="16" type="stmt"/>
      <line num="28" count="1" type="cond" truecount="1" falsecount="1"/>
      <line num="29" count="1" type="stmt"/>
      <line num="30" count="1" type="stmt"/>
      <line num="31" count="1" type="stmt"/>
      <line num="33" count="0" type="stmt"/>
      <line num="35" count="1" type="cond" truecount="4" falsecount="1"/>
      <line num="36" count="1" type="stmt"/>
      <line num="37" count="1" type="stmt"/>
      <line num="38" count="1" type="cond" truecount="3" falsecount="1"/>
      <line num="39" count="0" type="stmt"/>
      <line num="40" count="0" type="stmt"/>
      <line num="42" count="1" type="cond" truecount="2" falsecount="1"/>
      <line num="43" count="0" type="stmt"/>
      <line num="44" count="0" type="stmt"/>
      <line num="47" count="0" type="stmt"/>
      <line num="50" count="1" type="cond" truecount="1" falsecount="1"/>
      <line num="54" count="16" type="stmt"/>
      <line num="55" count="16" type="stmt"/>
      <line num="56" count="16" type="stmt"/>
      <line num="57" count="16" type="stmt"/>
      <line num="58" count="16" type="stmt"/>
      <line num="61" count="3" type="stmt"/>
      <line num="64" count="3" type="stmt"/>
      <line num="67" count="0" type="stmt"/>
      <line num="70" count="0" type="stmt"/>
      <line num="79" count="16" type="stmt"/>
      <line num="80" count="16" type="stmt"/>
      <line num="81" count="16" type="stmt"/>
      <line num="86" count="16" type="stmt"/>
      <line num="89" count="16" type="stmt"/>
      <line num="90" count="16" type="stmt"/>
      <line num="91" count="11" type="stmt"/>
      <line num="94" count="5" type="cond" truecount="10" falsecount="3"/>
      <line num="95" count="5" type="stmt"/>
      <line num="96" count="5" type="stmt"/>
      <line num="99" count="0" type="stmt"/>
      <line num="102" count="11" type="stmt"/>
      <line num="103" count="11" type="stmt"/>
      <line num="104" count="11" type="stmt"/>
      <line num="106" count="11" type="stmt"/>
      <line num="108" count="0" type="stmt"/>
      <line num="121" count="1" type="stmt"/>
      <line num="124" count="1" type="stmt"/>
      <line num="126" count="1" type="stmt"/>
      <line num="128" count="1" type="stmt"/>
      <line num="129" count="1" type="cond" truecount="1" falsecount="0"/>
      <line num="130" count="1" type="cond" truecount="1" falsecount="0"/>
      <line num="131" count="1" type="cond" truecount="1" falsecount="0"/>
      <line num="133" count="1" type="stmt"/>
      <line num="140" count="1" type="stmt"/>
      <line num="147" count="1" type="stmt"/>
      <line num="149" count="1" type="stmt"/>
      <line num="150" count="1" type="cond" truecount="1" falsecount="1"/>
      <line num="153" count="1" type="stmt"/>
      <line num="154" count="3" type="stmt"/>
      <line num="156" count="3" type="cond" truecount="1" falsecount="0"/>
      <line num="157" count="3" type="cond" truecount="0" falsecount="1"/>
      <line num="159" count="0" type="cond" truecount="0" falsecount="2"/>
      <line num="160" count="0" type="stmt"/>
      <line num="162" count="0" type="stmt"/>
      <line num="165" count="0" type="stmt"/>
      <line num="167" count="0" type="cond" truecount="0" falsecount="2"/>
      <line num="168" count="0" type="stmt"/>
      <line num="170" count="0" type="stmt"/>
      <line num="173" count="3" type="cond" truecount="1" falsecount="0"/>
      <line num="174" count="3" type="stmt"/>
      <line num="175" count="3" type="stmt"/>
      <line num="178" count="0" type="stmt"/>
      <line num="192" count="3" type="cond" truecount="0" falsecount="1"/>
      <line num="196" count="3" type="stmt"/>
      <line num="198" count="3" type="stmt"/>
      <line num="200" count="3" type="stmt"/>
      <line num="208" count="3" type="stmt"/>
      <line num="214" count="3" type="stmt"/>
      <line num="215" count="3" type="stmt"/>
      <line num="217" count="0" type="stmt"/>
      <line num="229" count="12" type="stmt"/>
      <line num="231" count="12" type="stmt"/>
      <line num="234" count="12" type="stmt"/>
      <line num="235" count="415" type="stmt"/>
      <line num="237" count="415" type="cond" truecount="0" falsecount="1"/>
      <line num="238" count="0" type="cond" truecount="0" falsecount="2"/>
      <line num="239" count="0" type="stmt"/>
      <line num="241" count="0" type="stmt"/>
      <line num="245" count="415" type="stmt"/>
      <line num="254" count="12" type="stmt"/>
      <line num="260" count="12" type="stmt"/>
      <line num="261" count="12" type="stmt"/>
      <line num="262" count="12" type="stmt"/>
      <line num="264" count="0" type="stmt"/>
      <line num="281" count="10" type="stmt"/>
      <line num="290" count="10" type="stmt"/>
      <line num="291" count="10" type="cond" truecount="0" falsecount="1"/>
      <line num="292" count="0" type="stmt"/>
      <line num="295" count="10" type="cond" truecount="2" falsecount="0"/>
      <line num="296" count="1" type="stmt"/>
      <line num="297" count="1" type="stmt"/>
      <line num="298" count="1" type="stmt"/>
      <line num="299" count="1" type="stmt"/>
      <line num="302" count="1" type="cond" truecount="1" falsecount="0"/>
      <line num="303" count="1" type="cond" truecount="1" falsecount="0"/>
      <line num="304" count="1" type="cond" truecount="1" falsecount="0"/>
      <line num="305" count="1" type="cond" truecount="1" falsecount="0"/>
      <line num="306" count="1" type="cond" truecount="1" falsecount="0"/>
      <line num="308" count="1" type="stmt"/>
      <line num="309" count="1" type="stmt"/>
      <line num="313" count="9" type="stmt"/>
      <line num="314" count="9" type="stmt"/>
      <line num="315" count="9" type="stmt"/>
      <line num="316" count="9" type="stmt"/>
      <line num="320" count="9" type="cond" truecount="1" falsecount="0"/>
      <line num="321" count="9" type="cond" truecount="1" falsecount="0"/>
      <line num="322" count="9" type="cond" truecount="1" falsecount="0"/>
      <line num="323" count="9" type="cond" truecount="1" falsecount="0"/>
      <line num="324" count="9" type="cond" truecount="1" falsecount="0"/>
      <line num="326" count="9" type="stmt"/>
      <line num="327" count="9" type="stmt"/>
      <line num="339" count="1" type="stmt"/>
      <line num="341" count="1" type="stmt"/>
      <line num="343" count="1" type="stmt"/>
      <line num="349" count="1" type="stmt"/>
      <line num="355" count="1" type="stmt"/>
      <line num="356" count="0" type="stmt"/>
      <line num="358" count="1" type="stmt"/>
    </file>
    <file name="index.ts" path="/Users/jamesarmbruster/Documents/repos/cyborgdb-js/src/index.ts">
      <metrics statements="51" coveredstatements="31" conditionals="23" coveredconditionals="4" methods="6" coveredmethods="5"/>
      <line num="1" count="2" type="stmt"/>
      <line num="9" count="2" type="stmt"/>
      <line num="14" count="2" type="stmt"/>
      <line num="23" count="3" type="stmt"/>
      <line num="24" count="3" type="stmt"/>
      <line num="27" count="3" type="stmt"/>
      <line num="33" count="3" type="cond" truecount="1" falsecount="0"/>
      <line num="34" count="3" type="stmt"/>
      <line num="35" count="3" type="stmt"/>
      <line num="40" count="0" type="cond" truecount="0" falsecount="2"/>
      <line num="41" count="0" type="stmt"/>
      <line num="42" count="0" type="stmt"/>
      <line num="43" count="0" type="stmt"/>
      <line num="45" count="0" type="stmt"/>
      <line num="47" count="0" type="cond" truecount="0" falsecount="5"/>
      <line num="48" count="0" type="stmt"/>
      <line num="49" count="0" type="stmt"/>
      <line num="50" count="0" type="cond" truecount="0" falsecount="4"/>
      <line num="51" count="0" type="stmt"/>
      <line num="52" count="0" type="stmt"/>
      <line num="54" count="0" type="cond" truecount="0" falsecount="3"/>
      <line num="55" count="0" type="stmt"/>
      <line num="56" count="0" type="stmt"/>
      <line num="59" count="0" type="stmt"/>
      <line num="62" count="0" type="cond" truecount="0" falsecount="2"/>
      <line num="70" count="1" type="stmt"/>
      <line num="71" count="1" type="stmt"/>
      <line num="72" count="1" type="stmt"/>
      <line num="73" count="1" type="stmt"/>
      <line num="74" count="1" type="cond" truecount="1" falsecount="1"/>
      <line num="76" count="0" type="stmt"/>
      <line num="96" count="15" type="stmt"/>
      <line num="98" count="15" type="stmt"/>
      <line num="103" count="15" type="stmt"/>
      <line num="118" count="15" type="stmt"/>
      <line num="119" count="15" type="stmt"/>
      <line num="120" count="15" type="stmt"/>
      <line num="123" count="0" type="stmt"/>
      <line num="134" count="1" type="stmt"/>
      <line num="136" count="1" type="stmt"/>
      <line num="137" count="1" type="stmt"/>
      <line num="142" count="1" type="stmt"/>
      <line num="143" count="1" type="stmt"/>
      <line num="144" count="1" type="stmt"/>
      <line num="152" count="1" type="stmt"/>
      <line num="155" count="0" type="stmt"/>
      <line num="165" count="1" type="stmt"/>
      <line num="166" count="1" type="stmt"/>
      <line num="167" count="1" type="stmt"/>
      <line num="168" count="1" type="stmt"/>
      <line num="170" count="0" type="stmt"/>
    </file>
  </project>
</coverage>
