{"/Users/jamesarmbruster/Documents/repos/cyborgdb-js/src/index.ts": {"path":"/Users/jamesarmbruster/Documents/repos/cyborgdb-js/src/index.ts","statementMap":{"0":{"start":{"line":1,"column":0},"end":{"line":1,"column":70}},"1":{"start":{"line":2,"column":0},"end":{"line":2,"column":null}},"2":{"start":{"line":30,"column":4},"end":{"line":30,"column":67}},"3":{"start":{"line":31,"column":4},"end":{"line":31,"column":39}},"4":{"start":{"line":34,"column":4},"end":{"line":37,"column":6}},"5":{"start":{"line":40,"column":4},"end":{"line":43,"column":5}},"6":{"start":{"line":41,"column":6},"end":{"line":41,"column":50}},"7":{"start":{"line":42,"column":6},"end":{"line":42,"column":65}},"8":{"start":{"line":47,"column":4},"end":{"line":53,"column":5}},"9":{"start":{"line":48,"column":6},"end":{"line":48,"column":64}},"10":{"start":{"line":49,"column":6},"end":{"line":49,"column":90}},"11":{"start":{"line":50,"column":6},"end":{"line":50,"column":84}},"12":{"start":{"line":52,"column":6},"end":{"line":52,"column":47}},"13":{"start":{"line":54,"column":4},"end":{"line":68,"column":5}},"14":{"start":{"line":55,"column":6},"end":{"line":67,"column":7}},"15":{"start":{"line":56,"column":24},"end":{"line":56,"column":43}},"16":{"start":{"line":57,"column":8},"end":{"line":60,"column":9}},"17":{"start":{"line":58,"column":22},"end":{"line":58,"column":51}},"18":{"start":{"line":59,"column":10},"end":{"line":59,"column":63}},"19":{"start":{"line":61,"column":8},"end":{"line":64,"column":9}},"20":{"start":{"line":62,"column":22},"end":{"line":62,"column":52}},"21":{"start":{"line":63,"column":10},"end":{"line":63,"column":78}},"22":{"start":{"line":66,"column":8},"end":{"line":66,"column":90}},"23":{"start":{"line":69,"column":4},"end":{"line":69,"column":77}},"24":{"start":{"line":77,"column":4},"end":{"line":84,"column":5}},"25":{"start":{"line":78,"column":6},"end":{"line":78,"column":51}},"26":{"start":{"line":79,"column":23},"end":{"line":79,"column":67}},"27":{"start":{"line":80,"column":6},"end":{"line":80,"column":50}},"28":{"start":{"line":81,"column":6},"end":{"line":81,"column":41}},"29":{"start":{"line":83,"column":6},"end":{"line":83,"column":33}},"30":{"start":{"line":103,"column":4},"end":{"line":128,"column":5}},"31":{"start":{"line":105,"column":21},"end":{"line":105,"column":58}},"32":{"start":{"line":108,"column":48},"end":{"line":121,"column":8}},"33":{"start":{"line":123,"column":6},"end":{"line":123,"column":53}},"34":{"start":{"line":124,"column":23},"end":{"line":124,"column":83}},"35":{"start":{"line":125,"column":6},"end":{"line":125,"column":27}},"36":{"start":{"line":127,"column":6},"end":{"line":127,"column":33}},"37":{"start":{"line":138,"column":4},"end":{"line":150,"column":5}},"38":{"start":{"line":140,"column":21},"end":{"line":140,"column":58}},"39":{"start":{"line":141,"column":45},"end":{"line":144,"column":8}},"40":{"start":{"line":146,"column":23},"end":{"line":146,"column":80}},"41":{"start":{"line":147,"column":6},"end":{"line":147,"column":27}},"42":{"start":{"line":149,"column":6},"end":{"line":149,"column":33}},"43":{"start":{"line":161,"column":4},"end":{"line":197,"column":5}},"44":{"start":{"line":163,"column":21},"end":{"line":163,"column":58}},"45":{"start":{"line":166,"column":36},"end":{"line":183,"column":8}},"46":{"start":{"line":167,"column":47},"end":{"line":167,"column":56}},"47":{"start":{"line":169,"column":8},"end":{"line":175,"column":9}},"48":{"start":{"line":170,"column":10},"end":{"line":174,"column":11}},"49":{"start":{"line":171,"column":12},"end":{"line":171,"column":41}},"50":{"start":{"line":173,"column":12},"end":{"line":173,"column":73}},"51":{"start":{"line":177,"column":8},"end":{"line":182,"column":10}},"52":{"start":{"line":186,"column":43},"end":{"line":190,"column":8}},"53":{"start":{"line":192,"column":6},"end":{"line":192,"column":47}},"54":{"start":{"line":193,"column":23},"end":{"line":193,"column":85}},"55":{"start":{"line":194,"column":6},"end":{"line":194,"column":27}},"56":{"start":{"line":196,"column":6},"end":{"line":196,"column":33}},"57":{"start":{"line":222,"column":4},"end":{"line":272,"column":null}},"58":{"start":{"line":233,"column":19},"end":{"line":233,"column":56}},"59":{"start":{"line":234,"column":4},"end":{"line":236,"column":5}},"60":{"start":{"line":235,"column":6},"end":{"line":235,"column":67}},"61":{"start":{"line":238,"column":4},"end":{"line":271,"column":5}},"62":{"start":{"line":239,"column":45},"end":{"line":239,"column":68}},"63":{"start":{"line":240,"column":6},"end":{"line":240,"column":41}},"64":{"start":{"line":241,"column":6},"end":{"line":241,"column":37}},"65":{"start":{"line":242,"column":6},"end":{"line":242,"column":60}},"66":{"start":{"line":245,"column":6},"end":{"line":245,"column":55}},"67":{"start":{"line":245,"column":30},"end":{"line":245,"column":55}},"68":{"start":{"line":246,"column":6},"end":{"line":246,"column":64}},"69":{"start":{"line":246,"column":33},"end":{"line":246,"column":64}},"70":{"start":{"line":247,"column":6},"end":{"line":247,"column":61}},"71":{"start":{"line":247,"column":32},"end":{"line":247,"column":61}},"72":{"start":{"line":248,"column":6},"end":{"line":248,"column":50}},"73":{"start":{"line":248,"column":19},"end":{"line":248,"column":50}},"74":{"start":{"line":249,"column":6},"end":{"line":249,"column":50}},"75":{"start":{"line":249,"column":19},"end":{"line":249,"column":50}},"76":{"start":{"line":251,"column":24},"end":{"line":251,"column":83}},"77":{"start":{"line":252,"column":6},"end":{"line":252,"column":27}},"78":{"start":{"line":256,"column":22},"end":{"line":256,"column":40}},"79":{"start":{"line":257,"column":6},"end":{"line":257,"column":36}},"80":{"start":{"line":258,"column":6},"end":{"line":258,"column":32}},"81":{"start":{"line":259,"column":6},"end":{"line":259,"column":52}},"82":{"start":{"line":263,"column":6},"end":{"line":263,"column":50}},"83":{"start":{"line":263,"column":30},"end":{"line":263,"column":50}},"84":{"start":{"line":264,"column":6},"end":{"line":264,"column":59}},"85":{"start":{"line":264,"column":33},"end":{"line":264,"column":59}},"86":{"start":{"line":265,"column":6},"end":{"line":265,"column":56}},"87":{"start":{"line":265,"column":32},"end":{"line":265,"column":56}},"88":{"start":{"line":266,"column":6},"end":{"line":266,"column":45}},"89":{"start":{"line":266,"column":19},"end":{"line":266,"column":45}},"90":{"start":{"line":267,"column":6},"end":{"line":267,"column":45}},"91":{"start":{"line":267,"column":19},"end":{"line":267,"column":45}},"92":{"start":{"line":269,"column":24},"end":{"line":269,"column":78}},"93":{"start":{"line":270,"column":6},"end":{"line":270,"column":27}},"94":{"start":{"line":284,"column":4},"end":{"line":313,"column":null}},"95":{"start":{"line":290,"column":4},"end":{"line":312,"column":5}},"96":{"start":{"line":292,"column":21},"end":{"line":292,"column":58}},"97":{"start":{"line":294,"column":41},"end":{"line":300,"column":8}},"98":{"start":{"line":302,"column":6},"end":{"line":306,"column":9}},"99":{"start":{"line":308,"column":23},"end":{"line":308,"column":80}},"100":{"start":{"line":309,"column":6},"end":{"line":309,"column":27}},"101":{"start":{"line":311,"column":6},"end":{"line":311,"column":33}},"102":{"start":{"line":323,"column":2},"end":{"line":343,"column":3}},"103":{"start":{"line":325,"column":19},"end":{"line":325,"column":56}},"104":{"start":{"line":327,"column":41},"end":{"line":331,"column":6}},"105":{"start":{"line":333,"column":4},"end":{"line":337,"column":7}},"106":{"start":{"line":339,"column":21},"end":{"line":339,"column":83}},"107":{"start":{"line":340,"column":4},"end":{"line":340,"column":25}},"108":{"start":{"line":342,"column":4},"end":{"line":342,"column":31}},"109":{"start":{"line":355,"column":4},"end":{"line":416,"column":null}},"110":{"start":{"line":360,"column":4},"end":{"line":415,"column":5}},"111":{"start":{"line":362,"column":21},"end":{"line":362,"column":58}},"112":{"start":{"line":364,"column":38},"end":{"line":364,"column":40}},"113":{"start":{"line":365,"column":6},"end":{"line":365,"column":67}},"114":{"start":{"line":365,"column":38},"end":{"line":365,"column":67}},"115":{"start":{"line":366,"column":6},"end":{"line":366,"column":71}},"116":{"start":{"line":366,"column":40},"end":{"line":366,"column":71}},"117":{"start":{"line":367,"column":6},"end":{"line":367,"column":71}},"118":{"start":{"line":367,"column":40},"end":{"line":367,"column":71}},"119":{"start":{"line":369,"column":37},"end":{"line":374,"column":8}},"120":{"start":{"line":376,"column":6},"end":{"line":381,"column":9}},"121":{"start":{"line":383,"column":23},"end":{"line":383,"column":76}},"122":{"start":{"line":385,"column":45},"end":{"line":385,"column":58}},"123":{"start":{"line":386,"column":20},"end":{"line":386,"column":46}},"124":{"start":{"line":389,"column":6},"end":{"line":412,"column":9}},"125":{"start":{"line":390,"column":28},"end":{"line":390,"column":43}},"126":{"start":{"line":392,"column":8},"end":{"line":392,"column":53}},"127":{"start":{"line":392,"column":25},"end":{"line":392,"column":53}},"128":{"start":{"line":393,"column":8},"end":{"line":408,"column":9}},"129":{"start":{"line":395,"column":10},"end":{"line":407,"column":11}},"130":{"start":{"line":396,"column":12},"end":{"line":402,"column":13}},"131":{"start":{"line":398,"column":14},"end":{"line":398,"column":69}},"132":{"start":{"line":401,"column":14},"end":{"line":401,"column":46}},"133":{"start":{"line":403,"column":17},"end":{"line":407,"column":11}},"134":{"start":{"line":404,"column":12},"end":{"line":404,"column":44}},"135":{"start":{"line":406,"column":12},"end":{"line":406,"column":44}},"136":{"start":{"line":409,"column":8},"end":{"line":409,"column":59}},"137":{"start":{"line":409,"column":27},"end":{"line":409,"column":59}},"138":{"start":{"line":410,"column":8},"end":{"line":410,"column":48}},"139":{"start":{"line":411,"column":8},"end":{"line":411,"column":22}},"140":{"start":{"line":414,"column":6},"end":{"line":414,"column":33}},"141":{"start":{"line":424,"column":4},"end":{"line":454,"column":5}},"142":{"start":{"line":425,"column":21},"end":{"line":425,"column":58}},"143":{"start":{"line":426,"column":45},"end":{"line":429,"column":8}},"144":{"start":{"line":431,"column":6},"end":{"line":431,"column":80}},"145":{"start":{"line":434,"column":6},"end":{"line":445,"column":7}},"146":{"start":{"line":435,"column":8},"end":{"line":435,"column":66}},"147":{"start":{"line":436,"column":8},"end":{"line":436,"column":60}},"148":{"start":{"line":439,"column":8},"end":{"line":442,"column":9}},"149":{"start":{"line":440,"column":10},"end":{"line":440,"column":79}},"150":{"start":{"line":441,"column":10},"end":{"line":441,"column":92}},"151":{"start":{"line":444,"column":8},"end":{"line":444,"column":24}},"152":{"start":{"line":447,"column":6},"end":{"line":447,"column":68}},"153":{"start":{"line":448,"column":23},"end":{"line":448,"column":77}},"154":{"start":{"line":449,"column":6},"end":{"line":449,"column":53}},"155":{"start":{"line":451,"column":6},"end":{"line":451,"column":27}},"156":{"start":{"line":453,"column":6},"end":{"line":453,"column":33}},"157":{"start":{"line":459,"column":4},"end":{"line":465,"column":5}},"158":{"start":{"line":460,"column":6},"end":{"line":460,"column":47}},"159":{"start":{"line":461,"column":23},"end":{"line":461,"column":62}},"160":{"start":{"line":462,"column":6},"end":{"line":462,"column":27}},"161":{"start":{"line":464,"column":6},"end":{"line":464,"column":33}},"162":{"start":{"line":21,"column":0},"end":{"line":21,"column":13}}},"fnMap":{"0":{"name":"(anonymous_7)","decl":{"start":{"line":29,"column":2},"end":{"line":29,"column":14}},"loc":{"start":{"line":29,"column":46},"end":{"line":44,"column":3}}},"1":{"name":"(anonymous_8)","decl":{"start":{"line":46,"column":10},"end":{"line":46,"column":24}},"loc":{"start":{"line":46,"column":35},"end":{"line":70,"column":3}}},"2":{"name":"(anonymous_9)","decl":{"start":{"line":76,"column":8},"end":{"line":76,"column":19}},"loc":{"start":{"line":76,"column":19},"end":{"line":85,"column":null}}},"3":{"name":"(anonymous_11)","decl":{"start":{"line":97,"column":8},"end":{"line":97,"column":19}},"loc":{"start":{"line":101,"column":27},"end":{"line":129,"column":null}}},"4":{"name":"(anonymous_13)","decl":{"start":{"line":137,"column":8},"end":{"line":137,"column":17}},"loc":{"start":{"line":137,"column":57},"end":{"line":151,"column":null}}},"5":{"name":"(anonymous_15)","decl":{"start":{"line":160,"column":8},"end":{"line":160,"column":14}},"loc":{"start":{"line":160,"column":75},"end":{"line":198,"column":null}}},"6":{"name":"(anonymous_17)","decl":{"start":{"line":166,"column":46},"end":{"line":166,"column":50}},"loc":{"start":{"line":166,"column":53},"end":{"line":183,"column":7}}},"7":{"name":"(anonymous_18)","decl":{"start":{"line":221,"column":8},"end":{"line":221,"column":13}},"loc":{"start":{"line":221,"column":13},"end":{"line":272,"column":null}}},"8":{"name":"(anonymous_19)","decl":{"start":{"line":222,"column":4},"end":{"line":222,"column":21}},"loc":{"start":{"line":229,"column":48},"end":{"line":272,"column":3}}},"9":{"name":"(anonymous_20)","decl":{"start":{"line":283,"column":8},"end":{"line":283,"column":13}},"loc":{"start":{"line":283,"column":13},"end":{"line":313,"column":null}}},"10":{"name":"(anonymous_21)","decl":{"start":{"line":284,"column":4},"end":{"line":284,"column":21}},"loc":{"start":{"line":288,"column":28},"end":{"line":313,"column":3}}},"11":{"name":"(anonymous_22)","decl":{"start":{"line":322,"column":6},"end":{"line":322,"column":12}},"loc":{"start":{"line":322,"column":67},"end":{"line":344,"column":null}}},"12":{"name":"(anonymous_24)","decl":{"start":{"line":354,"column":8},"end":{"line":354,"column":11}},"loc":{"start":{"line":354,"column":11},"end":{"line":416,"column":null}}},"13":{"name":"(anonymous_25)","decl":{"start":{"line":355,"column":4},"end":{"line":355,"column":21}},"loc":{"start":{"line":358,"column":58},"end":{"line":416,"column":3}}},"14":{"name":"(anonymous_26)","decl":{"start":{"line":389,"column":23},"end":{"line":389,"column":27}},"loc":{"start":{"line":389,"column":30},"end":{"line":412,"column":7}}},"15":{"name":"(anonymous_27)","decl":{"start":{"line":423,"column":8},"end":{"line":423,"column":19}},"loc":{"start":{"line":423,"column":59},"end":{"line":455,"column":null}}},"16":{"name":"(anonymous_29)","decl":{"start":{"line":458,"column":8},"end":{"line":458,"column":17}},"loc":{"start":{"line":458,"column":17},"end":{"line":466,"column":null}}}},"branchMap":{"0":{"loc":{"start":{"line":40,"column":4},"end":{"line":43,"column":5}},"type":"if","locations":[{"start":{"line":40,"column":4},"end":{"line":43,"column":5}}]},"1":{"loc":{"start":{"line":47,"column":4},"end":{"line":53,"column":5}},"type":"if","locations":[{"start":{"line":47,"column":4},"end":{"line":53,"column":5}},{"start":{"line":51,"column":11},"end":{"line":53,"column":5}}]},"2":{"loc":{"start":{"line":54,"column":4},"end":{"line":68,"column":5}},"type":"if","locations":[{"start":{"line":54,"column":4},"end":{"line":68,"column":5}}]},"3":{"loc":{"start":{"line":54,"column":8},"end":{"line":54,"column":28}},"type":"cond-expr","locations":[{"start":{"line":54,"column":22},"end":{"line":54,"column":24}},{"start":{"line":54,"column":22},"end":{"line":54,"column":28}}]},"4":{"loc":{"start":{"line":54,"column":8},"end":{"line":54,"column":24}},"type":"binary-expr","locations":[{"start":{"line":54,"column":8},"end":{"line":54,"column":24}},{"start":{"line":54,"column":22},"end":{"line":54,"column":24}}]},"5":{"loc":{"start":{"line":57,"column":8},"end":{"line":60,"column":9}},"type":"if","locations":[{"start":{"line":57,"column":8},"end":{"line":60,"column":9}}]},"6":{"loc":{"start":{"line":57,"column":12},"end":{"line":57,"column":88}},"type":"binary-expr","locations":[{"start":{"line":57,"column":12},"end":{"line":57,"column":31}},{"start":{"line":57,"column":36},"end":{"line":57,"column":60}},{"start":{"line":57,"column":64},"end":{"line":57,"column":87}}]},"7":{"loc":{"start":{"line":61,"column":8},"end":{"line":64,"column":9}},"type":"if","locations":[{"start":{"line":61,"column":8},"end":{"line":64,"column":9}}]},"8":{"loc":{"start":{"line":61,"column":12},"end":{"line":61,"column":64}},"type":"binary-expr","locations":[{"start":{"line":61,"column":12},"end":{"line":61,"column":31}},{"start":{"line":61,"column":35},"end":{"line":61,"column":64}}]},"9":{"loc":{"start":{"line":69,"column":41},"end":{"line":69,"column":73}},"type":"binary-expr","locations":[{"start":{"line":69,"column":41},"end":{"line":69,"column":54}},{"start":{"line":69,"column":58},"end":{"line":69,"column":73}}]},"10":{"loc":{"start":{"line":81,"column":13},"end":{"line":81,"column":40}},"type":"binary-expr","locations":[{"start":{"line":81,"column":13},"end":{"line":81,"column":34}},{"start":{"line":81,"column":38},"end":{"line":81,"column":40}}]},"11":{"loc":{"start":{"line":117,"column":17},"end":{"line":117,"column":40}},"type":"binary-expr","locations":[{"start":{"line":117,"column":17},"end":{"line":117,"column":35}},{"start":{"line":117,"column":39},"end":{"line":117,"column":40}}]},"12":{"loc":{"start":{"line":118,"column":18},"end":{"line":118,"column":42}},"type":"binary-expr","locations":[{"start":{"line":118,"column":18},"end":{"line":118,"column":37}},{"start":{"line":118,"column":41},"end":{"line":118,"column":42}}]},"13":{"loc":{"start":{"line":169,"column":8},"end":{"line":175,"column":9}},"type":"if","locations":[{"start":{"line":169,"column":8},"end":{"line":175,"column":9}}]},"14":{"loc":{"start":{"line":170,"column":10},"end":{"line":174,"column":11}},"type":"if","locations":[{"start":{"line":170,"column":10},"end":{"line":174,"column":11}},{"start":{"line":172,"column":17},"end":{"line":174,"column":11}}]},"15":{"loc":{"start":{"line":181,"column":20},"end":{"line":181,"column":46}},"type":"binary-expr","locations":[{"start":{"line":181,"column":20},"end":{"line":181,"column":33}},{"start":{"line":181,"column":37},"end":{"line":181,"column":46}}]},"16":{"loc":{"start":{"line":225,"column":4},"end":{"line":225,"column":22}},"type":"default-arg","locations":[{"start":{"line":225,"column":19},"end":{"line":225,"column":22}}]},"17":{"loc":{"start":{"line":226,"column":4},"end":{"line":226,"column":23}},"type":"default-arg","locations":[{"start":{"line":226,"column":22},"end":{"line":226,"column":23}}]},"18":{"loc":{"start":{"line":227,"column":4},"end":{"line":227,"column":27}},"type":"default-arg","locations":[{"start":{"line":227,"column":22},"end":{"line":227,"column":27}}]},"19":{"loc":{"start":{"line":228,"column":4},"end":{"line":228,"column":21}},"type":"default-arg","locations":[{"start":{"line":228,"column":19},"end":{"line":228,"column":21}}]},"20":{"loc":{"start":{"line":229,"column":4},"end":{"line":229,"column":48}},"type":"default-arg","locations":[{"start":{"line":229,"column":24},"end":{"line":229,"column":48}}]},"21":{"loc":{"start":{"line":234,"column":4},"end":{"line":236,"column":5}},"type":"if","locations":[{"start":{"line":234,"column":4},"end":{"line":236,"column":5}}]},"22":{"loc":{"start":{"line":238,"column":4},"end":{"line":271,"column":5}},"type":"if","locations":[{"start":{"line":238,"column":4},"end":{"line":271,"column":5}},{"start":{"line":255,"column":9},"end":{"line":271,"column":5}}]},"23":{"loc":{"start":{"line":245,"column":6},"end":{"line":245,"column":55}},"type":"if","locations":[{"start":{"line":245,"column":6},"end":{"line":245,"column":55}}]},"24":{"loc":{"start":{"line":246,"column":6},"end":{"line":246,"column":64}},"type":"if","locations":[{"start":{"line":246,"column":6},"end":{"line":246,"column":64}}]},"25":{"loc":{"start":{"line":247,"column":6},"end":{"line":247,"column":61}},"type":"if","locations":[{"start":{"line":247,"column":6},"end":{"line":247,"column":61}}]},"26":{"loc":{"start":{"line":248,"column":6},"end":{"line":248,"column":50}},"type":"if","locations":[{"start":{"line":248,"column":6},"end":{"line":248,"column":50}}]},"27":{"loc":{"start":{"line":249,"column":6},"end":{"line":249,"column":50}},"type":"if","locations":[{"start":{"line":249,"column":6},"end":{"line":249,"column":50}}]},"28":{"loc":{"start":{"line":263,"column":6},"end":{"line":263,"column":50}},"type":"if","locations":[{"start":{"line":263,"column":6},"end":{"line":263,"column":50}}]},"29":{"loc":{"start":{"line":264,"column":6},"end":{"line":264,"column":59}},"type":"if","locations":[{"start":{"line":264,"column":6},"end":{"line":264,"column":59}}]},"30":{"loc":{"start":{"line":265,"column":6},"end":{"line":265,"column":56}},"type":"if","locations":[{"start":{"line":265,"column":6},"end":{"line":265,"column":56}}]},"31":{"loc":{"start":{"line":266,"column":6},"end":{"line":266,"column":45}},"type":"if","locations":[{"start":{"line":266,"column":6},"end":{"line":266,"column":45}}]},"32":{"loc":{"start":{"line":267,"column":6},"end":{"line":267,"column":45}},"type":"if","locations":[{"start":{"line":267,"column":6},"end":{"line":267,"column":45}}]},"33":{"loc":{"start":{"line":286,"column":4},"end":{"line":286,"column":28}},"type":"default-arg","locations":[{"start":{"line":286,"column":24},"end":{"line":286,"column":28}}]},"34":{"loc":{"start":{"line":287,"column":4},"end":{"line":287,"column":26}},"type":"default-arg","locations":[{"start":{"line":287,"column":23},"end":{"line":287,"column":26}}]},"35":{"loc":{"start":{"line":288,"column":4},"end":{"line":288,"column":28}},"type":"default-arg","locations":[{"start":{"line":288,"column":24},"end":{"line":288,"column":28}}]},"36":{"loc":{"start":{"line":358,"column":4},"end":{"line":358,"column":58}},"type":"default-arg","locations":[{"start":{"line":358,"column":24},"end":{"line":358,"column":58}}]},"37":{"loc":{"start":{"line":365,"column":6},"end":{"line":365,"column":67}},"type":"if","locations":[{"start":{"line":365,"column":6},"end":{"line":365,"column":67}}]},"38":{"loc":{"start":{"line":366,"column":6},"end":{"line":366,"column":71}},"type":"if","locations":[{"start":{"line":366,"column":6},"end":{"line":366,"column":71}}]},"39":{"loc":{"start":{"line":367,"column":6},"end":{"line":367,"column":71}},"type":"if","locations":[{"start":{"line":367,"column":6},"end":{"line":367,"column":71}}]},"40":{"loc":{"start":{"line":386,"column":20},"end":{"line":386,"column":46}},"type":"binary-expr","locations":[{"start":{"line":386,"column":20},"end":{"line":386,"column":40}},{"start":{"line":386,"column":44},"end":{"line":386,"column":46}}]},"41":{"loc":{"start":{"line":392,"column":8},"end":{"line":392,"column":53}},"type":"if","locations":[{"start":{"line":392,"column":8},"end":{"line":392,"column":53}}]},"42":{"loc":{"start":{"line":393,"column":8},"end":{"line":408,"column":9}},"type":"if","locations":[{"start":{"line":393,"column":8},"end":{"line":408,"column":9}}]},"43":{"loc":{"start":{"line":395,"column":10},"end":{"line":407,"column":11}},"type":"if","locations":[{"start":{"line":395,"column":10},"end":{"line":407,"column":11}},{"start":{"line":403,"column":17},"end":{"line":407,"column":11}}]},"44":{"loc":{"start":{"line":403,"column":17},"end":{"line":407,"column":11}},"type":"if","locations":[{"start":{"line":403,"column":17},"end":{"line":407,"column":11}},{"start":{"line":405,"column":17},"end":{"line":407,"column":11}}]},"45":{"loc":{"start":{"line":409,"column":8},"end":{"line":409,"column":59}},"type":"if","locations":[{"start":{"line":409,"column":8},"end":{"line":409,"column":59}}]},"46":{"loc":{"start":{"line":439,"column":8},"end":{"line":442,"column":9}},"type":"if","locations":[{"start":{"line":439,"column":8},"end":{"line":442,"column":9}}]},"47":{"loc":{"start":{"line":439,"column":12},"end":{"line":439,"column":67}},"type":"cond-expr","locations":[{"start":{"line":439,"column":44},"end":{"line":439,"column":46}},{"start":{"line":439,"column":44},"end":{"line":439,"column":67}}]},"48":{"loc":{"start":{"line":439,"column":12},"end":{"line":439,"column":46}},"type":"binary-expr","locations":[{"start":{"line":439,"column":12},"end":{"line":439,"column":46}},{"start":{"line":439,"column":44},"end":{"line":439,"column":46}}]},"49":{"loc":{"start":{"line":439,"column":12},"end":{"line":439,"column":44}},"type":"cond-expr","locations":[{"start":{"line":439,"column":36},"end":{"line":439,"column":38}},{"start":{"line":439,"column":36},"end":{"line":439,"column":44}}]},"50":{"loc":{"start":{"line":439,"column":12},"end":{"line":439,"column":38}},"type":"binary-expr","locations":[{"start":{"line":439,"column":12},"end":{"line":439,"column":38}},{"start":{"line":439,"column":36},"end":{"line":439,"column":38}}]},"51":{"loc":{"start":{"line":439,"column":12},"end":{"line":439,"column":36}},"type":"cond-expr","locations":[{"start":{"line":439,"column":30},"end":{"line":439,"column":32}},{"start":{"line":439,"column":30},"end":{"line":439,"column":36}}]},"52":{"loc":{"start":{"line":439,"column":12},"end":{"line":439,"column":32}},"type":"binary-expr","locations":[{"start":{"line":439,"column":12},"end":{"line":439,"column":32}},{"start":{"line":439,"column":30},"end":{"line":439,"column":32}}]}},"s":{"0":2,"1":2,"2":3,"3":3,"4":3,"5":3,"6":3,"7":3,"8":2,"9":2,"10":2,"11":2,"12":0,"13":2,"14":2,"15":2,"16":2,"17":0,"18":0,"19":2,"20":0,"21":0,"22":0,"23":2,"24":1,"25":1,"26":1,"27":1,"28":1,"29":0,"30":14,"31":14,"32":14,"33":14,"34":14,"35":14,"36":0,"37":1,"38":1,"39":1,"40":1,"41":1,"42":0,"43":12,"44":12,"45":12,"46":415,"47":415,"48":0,"49":0,"50":0,"51":415,"52":12,"53":12,"54":12,"55":12,"56":0,"57":10,"58":10,"59":10,"60":0,"61":10,"62":1,"63":1,"64":1,"65":1,"66":1,"67":1,"68":1,"69":1,"70":1,"71":1,"72":1,"73":1,"74":1,"75":1,"76":1,"77":1,"78":9,"79":9,"80":9,"81":9,"82":9,"83":9,"84":9,"85":9,"86":9,"87":9,"88":9,"89":9,"90":9,"91":9,"92":9,"93":9,"94":3,"95":3,"96":3,"97":3,"98":3,"99":3,"100":3,"101":0,"102":1,"103":1,"104":1,"105":1,"106":1,"107":1,"108":0,"109":2,"110":2,"111":2,"112":2,"113":2,"114":2,"115":2,"116":2,"117":2,"118":2,"119":2,"120":2,"121":2,"122":1,"123":1,"124":1,"125":3,"126":3,"127":3,"128":3,"129":0,"130":0,"131":0,"132":0,"133":0,"134":0,"135":0,"136":3,"137":3,"138":3,"139":3,"140":1,"141":15,"142":15,"143":15,"144":15,"145":15,"146":15,"147":11,"148":4,"149":4,"150":4,"151":0,"152":11,"153":11,"154":10,"155":10,"156":1,"157":1,"158":1,"159":1,"160":1,"161":0,"162":2},"f":{"0":3,"1":2,"2":1,"3":14,"4":1,"5":12,"6":415,"7":10,"8":10,"9":3,"10":3,"11":1,"12":2,"13":2,"14":3,"15":15,"16":1},"b":{"0":[3],"1":[2,0],"2":[2],"3":[0,2],"4":[2,2],"5":[0],"6":[2,2,2],"7":[0],"8":[2,2],"9":[2,0],"10":[1,0],"11":[14,0],"12":[14,0],"13":[0],"14":[0,0],"15":[415,0],"16":[0],"17":[0],"18":[1],"19":[1],"20":[1],"21":[0],"22":[1,9],"23":[1],"24":[1],"25":[1],"26":[1],"27":[1],"28":[9],"29":[9],"30":[9],"31":[9],"32":[9],"33":[0],"34":[0],"35":[0],"36":[2],"37":[2],"38":[2],"39":[2],"40":[1,0],"41":[3],"42":[0],"43":[0,0],"44":[0,0],"45":[3],"46":[4],"47":[0,4],"48":[4,4],"49":[0,4],"50":[4,4],"51":[0,4],"52":[4,4]}}
}
