{"/Users/jamesarmbruster/Documents/repos/cyborgdb-js/src/index.ts": {"path":"/Users/jamesarmbruster/Documents/repos/cyborgdb-js/src/index.ts","statementMap":{"0":{"start":{"line":1,"column":0},"end":{"line":1,"column":70}},"1":{"start":{"line":28,"column":4},"end":{"line":28,"column":67}},"2":{"start":{"line":29,"column":4},"end":{"line":29,"column":39}},"3":{"start":{"line":32,"column":4},"end":{"line":35,"column":6}},"4":{"start":{"line":38,"column":4},"end":{"line":41,"column":5}},"5":{"start":{"line":39,"column":6},"end":{"line":39,"column":50}},"6":{"start":{"line":40,"column":6},"end":{"line":40,"column":65}},"7":{"start":{"line":45,"column":4},"end":{"line":51,"column":5}},"8":{"start":{"line":46,"column":6},"end":{"line":46,"column":64}},"9":{"start":{"line":47,"column":6},"end":{"line":47,"column":90}},"10":{"start":{"line":48,"column":6},"end":{"line":48,"column":84}},"11":{"start":{"line":50,"column":6},"end":{"line":50,"column":47}},"12":{"start":{"line":52,"column":4},"end":{"line":66,"column":5}},"13":{"start":{"line":53,"column":6},"end":{"line":65,"column":7}},"14":{"start":{"line":54,"column":24},"end":{"line":54,"column":43}},"15":{"start":{"line":55,"column":8},"end":{"line":58,"column":9}},"16":{"start":{"line":56,"column":22},"end":{"line":56,"column":51}},"17":{"start":{"line":57,"column":10},"end":{"line":57,"column":63}},"18":{"start":{"line":59,"column":8},"end":{"line":62,"column":9}},"19":{"start":{"line":60,"column":22},"end":{"line":60,"column":52}},"20":{"start":{"line":61,"column":10},"end":{"line":61,"column":78}},"21":{"start":{"line":64,"column":8},"end":{"line":64,"column":90}},"22":{"start":{"line":67,"column":4},"end":{"line":67,"column":77}},"23":{"start":{"line":75,"column":4},"end":{"line":82,"column":5}},"24":{"start":{"line":76,"column":6},"end":{"line":76,"column":51}},"25":{"start":{"line":77,"column":23},"end":{"line":77,"column":67}},"26":{"start":{"line":78,"column":6},"end":{"line":78,"column":50}},"27":{"start":{"line":79,"column":6},"end":{"line":79,"column":41}},"28":{"start":{"line":81,"column":6},"end":{"line":81,"column":33}},"29":{"start":{"line":101,"column":4},"end":{"line":126,"column":5}},"30":{"start":{"line":103,"column":21},"end":{"line":103,"column":58}},"31":{"start":{"line":106,"column":48},"end":{"line":119,"column":8}},"32":{"start":{"line":121,"column":6},"end":{"line":121,"column":53}},"33":{"start":{"line":122,"column":23},"end":{"line":122,"column":83}},"34":{"start":{"line":123,"column":6},"end":{"line":123,"column":27}},"35":{"start":{"line":125,"column":6},"end":{"line":125,"column":33}},"36":{"start":{"line":136,"column":4},"end":{"line":148,"column":5}},"37":{"start":{"line":138,"column":24},"end":{"line":138,"column":64}},"38":{"start":{"line":139,"column":45},"end":{"line":142,"column":8}},"39":{"start":{"line":144,"column":23},"end":{"line":144,"column":80}},"40":{"start":{"line":145,"column":6},"end":{"line":145,"column":27}},"41":{"start":{"line":147,"column":6},"end":{"line":147,"column":33}},"42":{"start":{"line":159,"column":4},"end":{"line":195,"column":5}},"43":{"start":{"line":161,"column":21},"end":{"line":161,"column":58}},"44":{"start":{"line":164,"column":36},"end":{"line":181,"column":8}},"45":{"start":{"line":165,"column":47},"end":{"line":165,"column":56}},"46":{"start":{"line":167,"column":8},"end":{"line":173,"column":9}},"47":{"start":{"line":168,"column":10},"end":{"line":172,"column":11}},"48":{"start":{"line":169,"column":12},"end":{"line":169,"column":41}},"49":{"start":{"line":171,"column":12},"end":{"line":171,"column":73}},"50":{"start":{"line":175,"column":8},"end":{"line":180,"column":10}},"51":{"start":{"line":184,"column":43},"end":{"line":188,"column":8}},"52":{"start":{"line":190,"column":6},"end":{"line":190,"column":47}},"53":{"start":{"line":191,"column":23},"end":{"line":191,"column":85}},"54":{"start":{"line":192,"column":6},"end":{"line":192,"column":27}},"55":{"start":{"line":194,"column":6},"end":{"line":194,"column":33}},"56":{"start":{"line":210,"column":4},"end":{"line":263,"column":null}},"57":{"start":{"line":218,"column":4},"end":{"line":262,"column":5}},"58":{"start":{"line":219,"column":21},"end":{"line":219,"column":58}},"59":{"start":{"line":220,"column":28},"end":{"line":220,"column":83}},"60":{"start":{"line":221,"column":25},"end":{"line":221,"column":56}},"61":{"start":{"line":223,"column":6},"end":{"line":253,"column":7}},"62":{"start":{"line":225,"column":48},"end":{"line":233,"column":10}},"63":{"start":{"line":236,"column":25},"end":{"line":236,"column":84}},"64":{"start":{"line":237,"column":8},"end":{"line":237,"column":43}},"65":{"start":{"line":240,"column":44},"end":{"line":248,"column":10}},"66":{"start":{"line":251,"column":25},"end":{"line":251,"column":85}},"67":{"start":{"line":252,"column":8},"end":{"line":252,"column":43}},"68":{"start":{"line":255,"column":6},"end":{"line":255,"column":55}},"69":{"start":{"line":256,"column":6},"end":{"line":260,"column":9}},"70":{"start":{"line":261,"column":6},"end":{"line":261,"column":33}},"71":{"start":{"line":275,"column":4},"end":{"line":304,"column":null}},"72":{"start":{"line":281,"column":4},"end":{"line":303,"column":5}},"73":{"start":{"line":283,"column":21},"end":{"line":283,"column":58}},"74":{"start":{"line":285,"column":41},"end":{"line":291,"column":8}},"75":{"start":{"line":293,"column":6},"end":{"line":297,"column":9}},"76":{"start":{"line":299,"column":23},"end":{"line":299,"column":80}},"77":{"start":{"line":300,"column":6},"end":{"line":300,"column":27}},"78":{"start":{"line":302,"column":6},"end":{"line":302,"column":33}},"79":{"start":{"line":314,"column":2},"end":{"line":334,"column":3}},"80":{"start":{"line":316,"column":19},"end":{"line":316,"column":56}},"81":{"start":{"line":318,"column":41},"end":{"line":322,"column":6}},"82":{"start":{"line":324,"column":4},"end":{"line":328,"column":7}},"83":{"start":{"line":330,"column":21},"end":{"line":330,"column":83}},"84":{"start":{"line":331,"column":4},"end":{"line":331,"column":25}},"85":{"start":{"line":333,"column":4},"end":{"line":333,"column":31}},"86":{"start":{"line":346,"column":4},"end":{"line":407,"column":null}},"87":{"start":{"line":351,"column":4},"end":{"line":406,"column":5}},"88":{"start":{"line":353,"column":21},"end":{"line":353,"column":58}},"89":{"start":{"line":355,"column":38},"end":{"line":355,"column":40}},"90":{"start":{"line":356,"column":6},"end":{"line":356,"column":67}},"91":{"start":{"line":356,"column":38},"end":{"line":356,"column":67}},"92":{"start":{"line":357,"column":6},"end":{"line":357,"column":71}},"93":{"start":{"line":357,"column":40},"end":{"line":357,"column":71}},"94":{"start":{"line":358,"column":6},"end":{"line":358,"column":71}},"95":{"start":{"line":358,"column":40},"end":{"line":358,"column":71}},"96":{"start":{"line":360,"column":37},"end":{"line":365,"column":8}},"97":{"start":{"line":367,"column":6},"end":{"line":372,"column":9}},"98":{"start":{"line":374,"column":23},"end":{"line":374,"column":76}},"99":{"start":{"line":377,"column":20},"end":{"line":377,"column":47}},"100":{"start":{"line":380,"column":6},"end":{"line":403,"column":9}},"101":{"start":{"line":381,"column":28},"end":{"line":381,"column":43}},"102":{"start":{"line":383,"column":8},"end":{"line":383,"column":53}},"103":{"start":{"line":383,"column":25},"end":{"line":383,"column":53}},"104":{"start":{"line":384,"column":8},"end":{"line":399,"column":9}},"105":{"start":{"line":386,"column":10},"end":{"line":398,"column":11}},"106":{"start":{"line":387,"column":12},"end":{"line":393,"column":13}},"107":{"start":{"line":389,"column":14},"end":{"line":389,"column":69}},"108":{"start":{"line":392,"column":14},"end":{"line":392,"column":46}},"109":{"start":{"line":394,"column":17},"end":{"line":398,"column":11}},"110":{"start":{"line":395,"column":12},"end":{"line":395,"column":44}},"111":{"start":{"line":397,"column":12},"end":{"line":397,"column":44}},"112":{"start":{"line":400,"column":8},"end":{"line":400,"column":59}},"113":{"start":{"line":400,"column":27},"end":{"line":400,"column":59}},"114":{"start":{"line":402,"column":8},"end":{"line":402,"column":22}},"115":{"start":{"line":405,"column":6},"end":{"line":405,"column":33}},"116":{"start":{"line":444,"column":4},"end":{"line":474,"column":5}},"117":{"start":{"line":445,"column":21},"end":{"line":445,"column":58}},"118":{"start":{"line":446,"column":45},"end":{"line":449,"column":8}},"119":{"start":{"line":451,"column":6},"end":{"line":451,"column":80}},"120":{"start":{"line":454,"column":6},"end":{"line":465,"column":7}},"121":{"start":{"line":455,"column":8},"end":{"line":455,"column":66}},"122":{"start":{"line":456,"column":8},"end":{"line":456,"column":60}},"123":{"start":{"line":459,"column":8},"end":{"line":462,"column":9}},"124":{"start":{"line":460,"column":10},"end":{"line":460,"column":79}},"125":{"start":{"line":461,"column":10},"end":{"line":461,"column":92}},"126":{"start":{"line":464,"column":8},"end":{"line":464,"column":24}},"127":{"start":{"line":467,"column":6},"end":{"line":467,"column":68}},"128":{"start":{"line":468,"column":23},"end":{"line":468,"column":77}},"129":{"start":{"line":469,"column":6},"end":{"line":469,"column":53}},"130":{"start":{"line":471,"column":6},"end":{"line":471,"column":27}},"131":{"start":{"line":473,"column":6},"end":{"line":473,"column":33}},"132":{"start":{"line":479,"column":4},"end":{"line":485,"column":5}},"133":{"start":{"line":480,"column":6},"end":{"line":480,"column":47}},"134":{"start":{"line":481,"column":23},"end":{"line":481,"column":62}},"135":{"start":{"line":482,"column":6},"end":{"line":482,"column":27}},"136":{"start":{"line":484,"column":6},"end":{"line":484,"column":33}},"137":{"start":{"line":19,"column":0},"end":{"line":19,"column":13}}},"fnMap":{"0":{"name":"(anonymous_7)","decl":{"start":{"line":27,"column":2},"end":{"line":27,"column":14}},"loc":{"start":{"line":27,"column":46},"end":{"line":42,"column":3}}},"1":{"name":"(anonymous_8)","decl":{"start":{"line":44,"column":10},"end":{"line":44,"column":24}},"loc":{"start":{"line":44,"column":35},"end":{"line":68,"column":3}}},"2":{"name":"(anonymous_9)","decl":{"start":{"line":74,"column":8},"end":{"line":74,"column":19}},"loc":{"start":{"line":74,"column":19},"end":{"line":83,"column":null}}},"3":{"name":"(anonymous_11)","decl":{"start":{"line":95,"column":8},"end":{"line":95,"column":19}},"loc":{"start":{"line":99,"column":27},"end":{"line":127,"column":null}}},"4":{"name":"(anonymous_13)","decl":{"start":{"line":135,"column":8},"end":{"line":135,"column":17}},"loc":{"start":{"line":135,"column":57},"end":{"line":149,"column":null}}},"5":{"name":"(anonymous_15)","decl":{"start":{"line":158,"column":8},"end":{"line":158,"column":14}},"loc":{"start":{"line":158,"column":75},"end":{"line":196,"column":null}}},"6":{"name":"(anonymous_17)","decl":{"start":{"line":164,"column":46},"end":{"line":164,"column":50}},"loc":{"start":{"line":164,"column":53},"end":{"line":181,"column":7}}},"7":{"name":"(anonymous_18)","decl":{"start":{"line":209,"column":8},"end":{"line":209,"column":13}},"loc":{"start":{"line":209,"column":13},"end":{"line":263,"column":null}}},"8":{"name":"(anonymous_19)","decl":{"start":{"line":210,"column":4},"end":{"line":210,"column":21}},"loc":{"start":{"line":216,"column":48},"end":{"line":263,"column":3}}},"9":{"name":"(anonymous_20)","decl":{"start":{"line":274,"column":8},"end":{"line":274,"column":13}},"loc":{"start":{"line":274,"column":13},"end":{"line":304,"column":null}}},"10":{"name":"(anonymous_21)","decl":{"start":{"line":275,"column":4},"end":{"line":275,"column":21}},"loc":{"start":{"line":279,"column":28},"end":{"line":304,"column":3}}},"11":{"name":"(anonymous_22)","decl":{"start":{"line":313,"column":6},"end":{"line":313,"column":12}},"loc":{"start":{"line":313,"column":67},"end":{"line":335,"column":null}}},"12":{"name":"(anonymous_24)","decl":{"start":{"line":345,"column":8},"end":{"line":345,"column":11}},"loc":{"start":{"line":345,"column":11},"end":{"line":407,"column":null}}},"13":{"name":"(anonymous_25)","decl":{"start":{"line":346,"column":4},"end":{"line":346,"column":21}},"loc":{"start":{"line":349,"column":58},"end":{"line":407,"column":3}}},"14":{"name":"(anonymous_26)","decl":{"start":{"line":380,"column":23},"end":{"line":380,"column":27}},"loc":{"start":{"line":380,"column":30},"end":{"line":403,"column":7}}},"15":{"name":"(anonymous_27)","decl":{"start":{"line":443,"column":8},"end":{"line":443,"column":19}},"loc":{"start":{"line":443,"column":59},"end":{"line":475,"column":null}}},"16":{"name":"(anonymous_29)","decl":{"start":{"line":478,"column":8},"end":{"line":478,"column":17}},"loc":{"start":{"line":478,"column":17},"end":{"line":486,"column":null}}}},"branchMap":{"0":{"loc":{"start":{"line":38,"column":4},"end":{"line":41,"column":5}},"type":"if","locations":[{"start":{"line":38,"column":4},"end":{"line":41,"column":5}}]},"1":{"loc":{"start":{"line":45,"column":4},"end":{"line":51,"column":5}},"type":"if","locations":[{"start":{"line":45,"column":4},"end":{"line":51,"column":5}},{"start":{"line":49,"column":11},"end":{"line":51,"column":5}}]},"2":{"loc":{"start":{"line":52,"column":4},"end":{"line":66,"column":5}},"type":"if","locations":[{"start":{"line":52,"column":4},"end":{"line":66,"column":5}}]},"3":{"loc":{"start":{"line":52,"column":8},"end":{"line":52,"column":28}},"type":"cond-expr","locations":[{"start":{"line":52,"column":22},"end":{"line":52,"column":24}},{"start":{"line":52,"column":22},"end":{"line":52,"column":28}}]},"4":{"loc":{"start":{"line":52,"column":8},"end":{"line":52,"column":24}},"type":"binary-expr","locations":[{"start":{"line":52,"column":8},"end":{"line":52,"column":24}},{"start":{"line":52,"column":22},"end":{"line":52,"column":24}}]},"5":{"loc":{"start":{"line":55,"column":8},"end":{"line":58,"column":9}},"type":"if","locations":[{"start":{"line":55,"column":8},"end":{"line":58,"column":9}}]},"6":{"loc":{"start":{"line":55,"column":12},"end":{"line":55,"column":88}},"type":"binary-expr","locations":[{"start":{"line":55,"column":12},"end":{"line":55,"column":31}},{"start":{"line":55,"column":36},"end":{"line":55,"column":60}},{"start":{"line":55,"column":64},"end":{"line":55,"column":87}}]},"7":{"loc":{"start":{"line":59,"column":8},"end":{"line":62,"column":9}},"type":"if","locations":[{"start":{"line":59,"column":8},"end":{"line":62,"column":9}}]},"8":{"loc":{"start":{"line":59,"column":12},"end":{"line":59,"column":64}},"type":"binary-expr","locations":[{"start":{"line":59,"column":12},"end":{"line":59,"column":31}},{"start":{"line":59,"column":35},"end":{"line":59,"column":64}}]},"9":{"loc":{"start":{"line":67,"column":41},"end":{"line":67,"column":73}},"type":"binary-expr","locations":[{"start":{"line":67,"column":41},"end":{"line":67,"column":54}},{"start":{"line":67,"column":58},"end":{"line":67,"column":73}}]},"10":{"loc":{"start":{"line":79,"column":13},"end":{"line":79,"column":40}},"type":"binary-expr","locations":[{"start":{"line":79,"column":13},"end":{"line":79,"column":34}},{"start":{"line":79,"column":38},"end":{"line":79,"column":40}}]},"11":{"loc":{"start":{"line":115,"column":17},"end":{"line":115,"column":40}},"type":"binary-expr","locations":[{"start":{"line":115,"column":17},"end":{"line":115,"column":35}},{"start":{"line":115,"column":39},"end":{"line":115,"column":40}}]},"12":{"loc":{"start":{"line":116,"column":18},"end":{"line":116,"column":42}},"type":"binary-expr","locations":[{"start":{"line":116,"column":18},"end":{"line":116,"column":37}},{"start":{"line":116,"column":41},"end":{"line":116,"column":42}}]},"13":{"loc":{"start":{"line":167,"column":8},"end":{"line":173,"column":9}},"type":"if","locations":[{"start":{"line":167,"column":8},"end":{"line":173,"column":9}}]},"14":{"loc":{"start":{"line":168,"column":10},"end":{"line":172,"column":11}},"type":"if","locations":[{"start":{"line":168,"column":10},"end":{"line":172,"column":11}},{"start":{"line":170,"column":17},"end":{"line":172,"column":11}}]},"15":{"loc":{"start":{"line":179,"column":20},"end":{"line":179,"column":46}},"type":"binary-expr","locations":[{"start":{"line":179,"column":20},"end":{"line":179,"column":33}},{"start":{"line":179,"column":37},"end":{"line":179,"column":46}}]},"16":{"loc":{"start":{"line":213,"column":4},"end":{"line":213,"column":22}},"type":"default-arg","locations":[{"start":{"line":213,"column":19},"end":{"line":213,"column":22}}]},"17":{"loc":{"start":{"line":214,"column":4},"end":{"line":214,"column":23}},"type":"default-arg","locations":[{"start":{"line":214,"column":22},"end":{"line":214,"column":23}}]},"18":{"loc":{"start":{"line":215,"column":4},"end":{"line":215,"column":21}},"type":"default-arg","locations":[{"start":{"line":215,"column":19},"end":{"line":215,"column":21}}]},"19":{"loc":{"start":{"line":216,"column":4},"end":{"line":216,"column":48}},"type":"default-arg","locations":[{"start":{"line":216,"column":24},"end":{"line":216,"column":48}}]},"20":{"loc":{"start":{"line":220,"column":28},"end":{"line":220,"column":83}},"type":"cond-expr","locations":[{"start":{"line":220,"column":49},"end":{"line":220,"column":56}},{"start":{"line":220,"column":59},"end":{"line":220,"column":83}}]},"21":{"loc":{"start":{"line":223,"column":6},"end":{"line":253,"column":7}},"type":"if","locations":[{"start":{"line":223,"column":6},"end":{"line":253,"column":7}},{"start":{"line":238,"column":13},"end":{"line":253,"column":7}}]},"22":{"loc":{"start":{"line":231,"column":19},"end":{"line":231,"column":51}},"type":"cond-expr","locations":[{"start":{"line":231,"column":32},"end":{"line":231,"column":39}},{"start":{"line":231,"column":42},"end":{"line":231,"column":51}}]},"23":{"loc":{"start":{"line":237,"column":15},"end":{"line":237,"column":42}},"type":"binary-expr","locations":[{"start":{"line":237,"column":15},"end":{"line":237,"column":36}},{"start":{"line":237,"column":40},"end":{"line":237,"column":42}}]},"24":{"loc":{"start":{"line":246,"column":19},"end":{"line":246,"column":51}},"type":"cond-expr","locations":[{"start":{"line":246,"column":32},"end":{"line":246,"column":39}},{"start":{"line":246,"column":42},"end":{"line":246,"column":51}}]},"25":{"loc":{"start":{"line":252,"column":15},"end":{"line":252,"column":42}},"type":"binary-expr","locations":[{"start":{"line":252,"column":15},"end":{"line":252,"column":36}},{"start":{"line":252,"column":40},"end":{"line":252,"column":42}}]},"26":{"loc":{"start":{"line":259,"column":32},"end":{"line":259,"column":45}},"type":"binary-expr","locations":[{"start":{"line":259,"column":32},"end":{"line":259,"column":39}},{"start":{"line":259,"column":43},"end":{"line":259,"column":45}}]},"27":{"loc":{"start":{"line":277,"column":4},"end":{"line":277,"column":28}},"type":"default-arg","locations":[{"start":{"line":277,"column":24},"end":{"line":277,"column":28}}]},"28":{"loc":{"start":{"line":278,"column":4},"end":{"line":278,"column":26}},"type":"default-arg","locations":[{"start":{"line":278,"column":23},"end":{"line":278,"column":26}}]},"29":{"loc":{"start":{"line":279,"column":4},"end":{"line":279,"column":28}},"type":"default-arg","locations":[{"start":{"line":279,"column":24},"end":{"line":279,"column":28}}]},"30":{"loc":{"start":{"line":349,"column":4},"end":{"line":349,"column":58}},"type":"default-arg","locations":[{"start":{"line":349,"column":24},"end":{"line":349,"column":58}}]},"31":{"loc":{"start":{"line":356,"column":6},"end":{"line":356,"column":67}},"type":"if","locations":[{"start":{"line":356,"column":6},"end":{"line":356,"column":67}}]},"32":{"loc":{"start":{"line":357,"column":6},"end":{"line":357,"column":71}},"type":"if","locations":[{"start":{"line":357,"column":6},"end":{"line":357,"column":71}}]},"33":{"loc":{"start":{"line":358,"column":6},"end":{"line":358,"column":71}},"type":"if","locations":[{"start":{"line":358,"column":6},"end":{"line":358,"column":71}}]},"34":{"loc":{"start":{"line":377,"column":20},"end":{"line":377,"column":47}},"type":"binary-expr","locations":[{"start":{"line":377,"column":20},"end":{"line":377,"column":41}},{"start":{"line":377,"column":45},"end":{"line":377,"column":47}}]},"35":{"loc":{"start":{"line":383,"column":8},"end":{"line":383,"column":53}},"type":"if","locations":[{"start":{"line":383,"column":8},"end":{"line":383,"column":53}}]},"36":{"loc":{"start":{"line":384,"column":8},"end":{"line":399,"column":9}},"type":"if","locations":[{"start":{"line":384,"column":8},"end":{"line":399,"column":9}}]},"37":{"loc":{"start":{"line":386,"column":10},"end":{"line":398,"column":11}},"type":"if","locations":[{"start":{"line":386,"column":10},"end":{"line":398,"column":11}},{"start":{"line":394,"column":17},"end":{"line":398,"column":11}}]},"38":{"loc":{"start":{"line":394,"column":17},"end":{"line":398,"column":11}},"type":"if","locations":[{"start":{"line":394,"column":17},"end":{"line":398,"column":11}},{"start":{"line":396,"column":17},"end":{"line":398,"column":11}}]},"39":{"loc":{"start":{"line":400,"column":8},"end":{"line":400,"column":59}},"type":"if","locations":[{"start":{"line":400,"column":8},"end":{"line":400,"column":59}}]},"40":{"loc":{"start":{"line":459,"column":8},"end":{"line":462,"column":9}},"type":"if","locations":[{"start":{"line":459,"column":8},"end":{"line":462,"column":9}}]},"41":{"loc":{"start":{"line":459,"column":12},"end":{"line":459,"column":67}},"type":"cond-expr","locations":[{"start":{"line":459,"column":44},"end":{"line":459,"column":46}},{"start":{"line":459,"column":44},"end":{"line":459,"column":67}}]},"42":{"loc":{"start":{"line":459,"column":12},"end":{"line":459,"column":46}},"type":"binary-expr","locations":[{"start":{"line":459,"column":12},"end":{"line":459,"column":46}},{"start":{"line":459,"column":44},"end":{"line":459,"column":46}}]},"43":{"loc":{"start":{"line":459,"column":12},"end":{"line":459,"column":44}},"type":"cond-expr","locations":[{"start":{"line":459,"column":36},"end":{"line":459,"column":38}},{"start":{"line":459,"column":36},"end":{"line":459,"column":44}}]},"44":{"loc":{"start":{"line":459,"column":12},"end":{"line":459,"column":38}},"type":"binary-expr","locations":[{"start":{"line":459,"column":12},"end":{"line":459,"column":38}},{"start":{"line":459,"column":36},"end":{"line":459,"column":38}}]},"45":{"loc":{"start":{"line":459,"column":12},"end":{"line":459,"column":36}},"type":"cond-expr","locations":[{"start":{"line":459,"column":30},"end":{"line":459,"column":32}},{"start":{"line":459,"column":30},"end":{"line":459,"column":36}}]},"46":{"loc":{"start":{"line":459,"column":12},"end":{"line":459,"column":32}},"type":"binary-expr","locations":[{"start":{"line":459,"column":12},"end":{"line":459,"column":32}},{"start":{"line":459,"column":30},"end":{"line":459,"column":32}}]}},"s":{"0":2,"1":3,"2":3,"3":3,"4":3,"5":3,"6":3,"7":0,"8":0,"9":0,"10":0,"11":0,"12":0,"13":0,"14":0,"15":0,"16":0,"17":0,"18":0,"19":0,"20":0,"21":0,"22":0,"23":0,"24":0,"25":0,"26":0,"27":0,"28":0,"29":5,"30":5,"31":5,"32":5,"33":5,"34":5,"35":0,"36":0,"37":0,"38":0,"39":0,"40":0,"41":0,"42":6,"43":6,"44":6,"45":250,"46":250,"47":0,"48":0,"49":0,"50":250,"51":6,"52":6,"53":6,"54":6,"55":0,"56":6,"57":6,"58":6,"59":6,"60":6,"61":6,"62":0,"63":0,"64":0,"65":6,"66":6,"67":6,"68":0,"69":0,"70":0,"71":2,"72":2,"73":2,"74":2,"75":2,"76":2,"77":2,"78":0,"79":0,"80":0,"81":0,"82":0,"83":0,"84":0,"85":0,"86":0,"87":0,"88":0,"89":0,"90":0,"91":0,"92":0,"93":0,"94":0,"95":0,"96":0,"97":0,"98":0,"99":0,"100":0,"101":0,"102":0,"103":0,"104":0,"105":0,"106":0,"107":0,"108":0,"109":0,"110":0,"111":0,"112":0,"113":0,"114":0,"115":0,"116":5,"117":5,"118":5,"119":5,"120":5,"121":5,"122":4,"123":1,"124":1,"125":1,"126":0,"127":4,"128":4,"129":4,"130":4,"131":0,"132":0,"133":0,"134":0,"135":0,"136":0,"137":2},"f":{"0":3,"1":0,"2":0,"3":5,"4":0,"5":6,"6":250,"7":6,"8":6,"9":2,"10":2,"11":0,"12":0,"13":0,"14":0,"15":5,"16":0},"b":{"0":[3],"1":[0,0],"2":[0],"3":[0,0],"4":[0,0],"5":[0],"6":[0,0,0],"7":[0],"8":[0,0],"9":[0,0],"10":[0,0],"11":[5,0],"12":[5,0],"13":[0],"14":[0,0],"15":[250,0],"16":[0],"17":[0],"18":[0],"19":[0],"20":[6,0],"21":[0,6],"22":[0,0],"23":[0,0],"24":[3,3],"25":[6,0],"26":[0,0],"27":[0],"28":[0],"29":[0],"30":[0],"31":[0],"32":[0],"33":[0],"34":[0,0],"35":[0],"36":[0],"37":[0,0],"38":[0,0],"39":[0],"40":[1],"41":[0,1],"42":[1,1],"43":[0,1],"44":[1,1],"45":[0,1],"46":[1,1]}}
,"/Users/jamesarmbruster/Documents/repos/cyborgdb-js/src/test.ts": {"path":"/Users/jamesarmbruster/Documents/repos/cyborgdb-js/src/test.ts","statementMap":{"0":{"start":{"line":1,"column":0},"end":{"line":1,"column":35}},"1":{"start":{"line":2,"column":0},"end":{"line":2,"column":37}},"2":{"start":{"line":5,"column":16},"end":{"line":5,"column":39}},"3":{"start":{"line":8,"column":22},"end":{"line":8,"column":67}},"4":{"start":{"line":12,"column":2},"end":{"line":12,"column":41}},"5":{"start":{"line":16,"column":2},"end":{"line":16,"column":67}},"6":{"start":{"line":19,"column":17},"end":{"line":19,"column":53}},"7":{"start":{"line":21,"column":2},"end":{"line":113,"column":3}},"8":{"start":{"line":23,"column":4},"end":{"line":23,"column":54}},"9":{"start":{"line":24,"column":19},"end":{"line":24,"column":43}},"10":{"start":{"line":25,"column":4},"end":{"line":25,"column":51}},"11":{"start":{"line":28,"column":4},"end":{"line":28,"column":38}},"12":{"start":{"line":29,"column":20},"end":{"line":29,"column":46}},"13":{"start":{"line":30,"column":4},"end":{"line":30,"column":47}},"14":{"start":{"line":33,"column":21},"end":{"line":33,"column":40}},"15":{"start":{"line":34,"column":22},"end":{"line":34,"column":48}},"16":{"start":{"line":37,"column":4},"end":{"line":37,"column":52}},"17":{"start":{"line":39,"column":24},"end":{"line":46,"column":6}},"18":{"start":{"line":48,"column":4},"end":{"line":48,"column":63}},"19":{"start":{"line":49,"column":4},"end":{"line":49,"column":47}},"20":{"start":{"line":51,"column":4},"end":{"line":51,"column":40}},"21":{"start":{"line":53,"column":18},"end":{"line":58,"column":7}},"22":{"start":{"line":53,"column":58},"end":{"line":58,"column":6}},"23":{"start":{"line":55,"column":43},"end":{"line":55,"column":56}},"24":{"start":{"line":60,"column":4},"end":{"line":60,"column":52}},"25":{"start":{"line":61,"column":4},"end":{"line":61,"column":50}},"26":{"start":{"line":64,"column":24},"end":{"line":64,"column":79}},"27":{"start":{"line":65,"column":4},"end":{"line":65,"column":52}},"28":{"start":{"line":66,"column":4},"end":{"line":66,"column":49}},"29":{"start":{"line":69,"column":4},"end":{"line":69,"column":57}},"30":{"start":{"line":70,"column":30},"end":{"line":70,"column":73}},"31":{"start":{"line":70,"column":59},"end":{"line":70,"column":72}},"32":{"start":{"line":71,"column":4},"end":{"line":71,"column":50}},"33":{"start":{"line":72,"column":26},"end":{"line":72,"column":84}},"34":{"start":{"line":73,"column":4},"end":{"line":73,"column":69}},"35":{"start":{"line":74,"column":4},"end":{"line":74,"column":51}},"36":{"start":{"line":77,"column":4},"end":{"line":77,"column":56}},"37":{"start":{"line":78,"column":30},"end":{"line":81,"column":6}},"38":{"start":{"line":79,"column":35},"end":{"line":79,"column":48}},"39":{"start":{"line":80,"column":35},"end":{"line":80,"column":48}},"40":{"start":{"line":82,"column":4},"end":{"line":82,"column":84}},"41":{"start":{"line":83,"column":25},"end":{"line":83,"column":83}},"42":{"start":{"line":86,"column":4},"end":{"line":94,"column":5}},"43":{"start":{"line":87,"column":6},"end":{"line":87,"column":78}},"44":{"start":{"line":88,"column":6},"end":{"line":88,"column":83}},"45":{"start":{"line":89,"column":6},"end":{"line":89,"column":79}},"46":{"start":{"line":92,"column":6},"end":{"line":92,"column":106}},"47":{"start":{"line":93,"column":6},"end":{"line":93,"column":52}},"48":{"start":{"line":97,"column":4},"end":{"line":97,"column":44}},"49":{"start":{"line":98,"column":23},"end":{"line":98,"column":72}},"50":{"start":{"line":99,"column":4},"end":{"line":99,"column":44}},"51":{"start":{"line":102,"column":4},"end":{"line":102,"column":39}},"52":{"start":{"line":103,"column":4},"end":{"line":103,"column":52}},"53":{"start":{"line":104,"column":4},"end":{"line":104,"column":48}},"54":{"start":{"line":107,"column":4},"end":{"line":107,"column":37}},"55":{"start":{"line":108,"column":4},"end":{"line":108,"column":50}},"56":{"start":{"line":109,"column":4},"end":{"line":109,"column":47}},"57":{"start":{"line":112,"column":4},"end":{"line":112,"column":35}},"58":{"start":{"line":117,"column":0},"end":{"line":117,"column":36}}},"fnMap":{"0":{"name":"generateRandomKey","decl":{"start":{"line":11,"column":9},"end":{"line":11,"column":26}},"loc":{"start":{"line":11,"column":26},"end":{"line":13,"column":1}}},"1":{"name":"testCyborgDB","decl":{"start":{"line":15,"column":15},"end":{"line":15,"column":27}},"loc":{"start":{"line":15,"column":27},"end":{"line":114,"column":null}}},"2":{"name":"(anonymous_10)","decl":{"start":{"line":53,"column":47},"end":{"line":53,"column":48}},"loc":{"start":{"line":53,"column":58},"end":{"line":58,"column":6}}},"3":{"name":"(anonymous_11)","decl":{"start":{"line":55,"column":37},"end":{"line":55,"column":40}},"loc":{"start":{"line":55,"column":43},"end":{"line":55,"column":56}}},"4":{"name":"(anonymous_12)","decl":{"start":{"line":70,"column":53},"end":{"line":70,"column":56}},"loc":{"start":{"line":70,"column":59},"end":{"line":70,"column":72}}},"5":{"name":"(anonymous_13)","decl":{"start":{"line":79,"column":29},"end":{"line":79,"column":32}},"loc":{"start":{"line":79,"column":35},"end":{"line":79,"column":48}}},"6":{"name":"(anonymous_14)","decl":{"start":{"line":80,"column":29},"end":{"line":80,"column":32}},"loc":{"start":{"line":80,"column":35},"end":{"line":80,"column":48}}}},"branchMap":{"0":{"loc":{"start":{"line":57,"column":41},"end":{"line":57,"column":69}},"type":"cond-expr","locations":[{"start":{"line":57,"column":55},"end":{"line":57,"column":61}},{"start":{"line":57,"column":64},"end":{"line":57,"column":69}}]},"1":{"loc":{"start":{"line":86,"column":4},"end":{"line":94,"column":5}},"type":"if","locations":[{"start":{"line":86,"column":4},"end":{"line":94,"column":5}},{"start":{"line":90,"column":11},"end":{"line":94,"column":5}}]},"2":{"loc":{"start":{"line":86,"column":8},"end":{"line":86,"column":69}},"type":"binary-expr","locations":[{"start":{"line":86,"column":8},"end":{"line":86,"column":35}},{"start":{"line":86,"column":39},"end":{"line":86,"column":69}}]}},"s":{"0":0,"1":0,"2":0,"3":0,"4":0,"5":0,"6":0,"7":0,"8":0,"9":0,"10":0,"11":0,"12":0,"13":0,"14":0,"15":0,"16":0,"17":0,"18":0,"19":0,"20":0,"21":0,"22":0,"23":0,"24":0,"25":0,"26":0,"27":0,"28":0,"29":0,"30":0,"31":0,"32":0,"33":0,"34":0,"35":0,"36":0,"37":0,"38":0,"39":0,"40":0,"41":0,"42":0,"43":0,"44":0,"45":0,"46":0,"47":0,"48":0,"49":0,"50":0,"51":0,"52":0,"53":0,"54":0,"55":0,"56":0,"57":0,"58":0},"f":{"0":0,"1":0,"2":0,"3":0,"4":0,"5":0,"6":0},"b":{"0":[0,0],"1":[0,0],"2":[0,0]}}
}
