TN:
SF:src/index.ts
FN:29,(anonymous_7)
FN:46,(anonymous_8)
FN:76,(anonymous_9)
FN:97,(anonymous_11)
FN:137,(anonymous_13)
FN:160,(anonymous_15)
FN:166,(anonymous_17)
FN:221,(anonymous_18)
FN:222,(anonymous_19)
FN:339,(anonymous_20)
FN:340,(anonymous_21)
FN:378,(anonymous_22)
FN:410,(anonymous_24)
FN:411,(anonymous_25)
FN:446,(anonymous_26)
FN:480,(anonymous_27)
FN:515,(anonymous_29)
FNF:17
FNH:16
FNDA:3,(anonymous_7)
FNDA:0,(anonymous_8)
FNDA:1,(anonymous_9)
FNDA:14,(anonymous_11)
FNDA:1,(anonymous_13)
FNDA:12,(anonymous_15)
FNDA:415,(anonymous_17)
FNDA:10,(anonymous_18)
FNDA:10,(anonymous_19)
FNDA:3,(anonymous_20)
FNDA:3,(anonymous_21)
FNDA:1,(anonymous_22)
FNDA:2,(anonymous_24)
FNDA:2,(anonymous_25)
FNDA:3,(anonymous_26)
FNDA:15,(anonymous_27)
FNDA:1,(anonymous_29)
DA:1,2
DA:2,2
DA:21,2
DA:30,3
DA:31,3
DA:34,3
DA:40,3
DA:41,3
DA:42,3
DA:47,0
DA:48,0
DA:49,0
DA:50,0
DA:52,0
DA:54,0
DA:55,0
DA:56,0
DA:57,0
DA:58,0
DA:59,0
DA:61,0
DA:62,0
DA:63,0
DA:66,0
DA:69,0
DA:77,1
DA:78,1
DA:79,1
DA:80,1
DA:81,1
DA:83,0
DA:103,14
DA:105,14
DA:108,14
DA:123,14
DA:124,14
DA:125,14
DA:127,0
DA:138,1
DA:140,1
DA:141,1
DA:146,1
DA:147,1
DA:149,0
DA:161,12
DA:163,12
DA:166,12
DA:167,415
DA:169,415
DA:170,0
DA:171,0
DA:173,0
DA:177,415
DA:186,12
DA:192,12
DA:193,12
DA:194,12
DA:196,0
DA:222,10
DA:233,10
DA:234,10
DA:235,0
DA:238,10
DA:239,1
DA:240,1
DA:241,1
DA:242,1
DA:245,1
DA:246,1
DA:247,1
DA:248,1
DA:249,1
DA:251,1
DA:252,1
DA:256,9
DA:257,9
DA:258,9
DA:259,9
DA:263,9
DA:264,9
DA:265,9
DA:266,9
DA:267,9
DA:269,9
DA:270,9
DA:340,3
DA:346,3
DA:348,3
DA:350,3
DA:358,3
DA:364,3
DA:365,3
DA:367,0
DA:379,1
DA:381,1
DA:383,1
DA:389,1
DA:395,1
DA:396,1
DA:398,0
DA:411,2
DA:416,2
DA:418,2
DA:420,2
DA:421,2
DA:422,2
DA:423,2
DA:425,2
DA:432,2
DA:439,2
DA:440,2
DA:442,2
DA:443,2
DA:446,2
DA:447,3
DA:449,3
DA:450,3
DA:452,0
DA:453,0
DA:455,0
DA:458,0
DA:460,0
DA:461,0
DA:463,0
DA:466,3
DA:467,3
DA:468,3
DA:471,0
DA:481,15
DA:482,15
DA:483,15
DA:488,15
DA:491,15
DA:492,15
DA:493,10
DA:496,5
DA:497,5
DA:498,5
DA:501,0
DA:504,10
DA:505,10
DA:506,10
DA:508,10
DA:510,0
DA:516,1
DA:517,1
DA:518,1
DA:519,1
DA:521,0
LF:149
LH:112
BRDA:40,0,0,3
BRDA:47,1,0,0
BRDA:47,1,1,0
BRDA:54,2,0,0
BRDA:54,3,0,0
BRDA:54,3,1,0
BRDA:54,4,0,0
BRDA:54,4,1,0
BRDA:57,5,0,0
BRDA:57,6,0,0
BRDA:57,6,1,0
BRDA:57,6,2,0
BRDA:61,7,0,0
BRDA:61,8,0,0
BRDA:61,8,1,0
BRDA:69,9,0,0
BRDA:69,9,1,0
BRDA:81,10,0,1
BRDA:81,10,1,0
BRDA:117,11,0,14
BRDA:117,11,1,0
BRDA:118,12,0,14
BRDA:118,12,1,0
BRDA:169,13,0,0
BRDA:170,14,0,0
BRDA:170,14,1,0
BRDA:181,15,0,415
BRDA:181,15,1,0
BRDA:225,16,0,0
BRDA:226,17,0,0
BRDA:227,18,0,1
BRDA:228,19,0,1
BRDA:229,20,0,1
BRDA:234,21,0,0
BRDA:238,22,0,1
BRDA:238,22,1,9
BRDA:245,23,0,1
BRDA:246,24,0,1
BRDA:247,25,0,1
BRDA:248,26,0,1
BRDA:249,27,0,1
BRDA:263,28,0,9
BRDA:264,29,0,9
BRDA:265,30,0,9
BRDA:266,31,0,9
BRDA:267,32,0,9
BRDA:342,33,0,0
BRDA:343,34,0,0
BRDA:344,35,0,0
BRDA:414,36,0,2
BRDA:421,37,0,2
BRDA:422,38,0,2
BRDA:423,39,0,2
BRDA:443,40,0,2
BRDA:443,40,1,0
BRDA:449,41,0,3
BRDA:450,42,0,0
BRDA:452,43,0,0
BRDA:452,43,1,0
BRDA:460,44,0,0
BRDA:460,44,1,0
BRDA:466,45,0,3
BRDA:496,46,0,5
BRDA:496,47,0,0
BRDA:496,47,1,5
BRDA:496,48,0,5
BRDA:496,48,1,5
BRDA:496,49,0,0
BRDA:496,49,1,5
BRDA:496,50,0,5
BRDA:496,50,1,5
BRDA:496,51,0,0
BRDA:496,51,1,5
BRDA:496,52,0,5
BRDA:496,52,1,5
BRF:75
BRH:37
end_of_record
TN:
SF:src/test.ts
FN:12,generateRandomKey
FN:16,testCyborgDB
FN:54,(anonymous_10)
FN:56,(anonymous_11)
FN:71,(anonymous_12)
FN:80,(anonymous_13)
FN:81,(anonymous_14)
FNF:7
FNH:0
FNDA:0,generateRandomKey
FNDA:0,testCyborgDB
FNDA:0,(anonymous_10)
FNDA:0,(anonymous_11)
FNDA:0,(anonymous_12)
FNDA:0,(anonymous_13)
FNDA:0,(anonymous_14)
DA:1,0
DA:2,0
DA:6,0
DA:9,0
DA:13,0
DA:17,0
DA:20,0
DA:22,0
DA:24,0
DA:25,0
DA:26,0
DA:29,0
DA:30,0
DA:31,0
DA:34,0
DA:35,0
DA:38,0
DA:40,0
DA:49,0
DA:50,0
DA:52,0
DA:54,0
DA:56,0
DA:61,0
DA:62,0
DA:65,0
DA:66,0
DA:67,0
DA:70,0
DA:71,0
DA:72,0
DA:73,0
DA:74,0
DA:75,0
DA:78,0
DA:79,0
DA:80,0
DA:81,0
DA:83,0
DA:84,0
DA:87,0
DA:88,0
DA:89,0
DA:90,0
DA:93,0
DA:94,0
DA:98,0
DA:99,0
DA:100,0
DA:103,0
DA:104,0
DA:105,0
DA:108,0
DA:109,0
DA:110,0
DA:113,0
DA:118,0
LF:57
LH:0
BRDA:58,0,0,0
BRDA:58,0,1,0
BRDA:87,1,0,0
BRDA:87,1,1,0
BRDA:87,2,0,0
BRDA:87,2,1,0
BRF:6
BRH:0
end_of_record
