TN:
SF:src/EncryptedIndex.ts
FN:27,(anonymous_7)
FN:53,(anonymous_8)
FN:60,(anonymous_9)
FN:63,(anonymous_10)
FN:66,(anonymous_11)
FN:69,(anonymous_12)
FN:78,(anonymous_13)
FN:120,(anonymous_15)
FN:121,(anonymous_16)
FN:153,(anonymous_17)
FN:191,(anonymous_18)
FN:192,(anonymous_19)
FN:228,(anonymous_20)
FN:234,(anonymous_22)
FN:280,(anonymous_23)
FN:281,(anonymous_24)
FN:338,(anonymous_25)
FNF:17
FNH:15
FNDA:1,(anonymous_7)
FNDA:16,(anonymous_8)
FNDA:3,(anonymous_9)
FNDA:3,(anonymous_10)
FNDA:0,(anonymous_11)
FNDA:0,(anonymous_12)
FNDA:16,(anonymous_13)
FNDA:1,(anonymous_15)
FNDA:1,(anonymous_16)
FNDA:3,(anonymous_17)
FNDA:3,(anonymous_18)
FNDA:3,(anonymous_19)
FNDA:12,(anonymous_20)
FNDA:415,(anonymous_22)
FNDA:10,(anonymous_23)
FNDA:10,(anonymous_24)
FNDA:1,(anonymous_25)
DA:2,2
DA:19,2
DA:20,16
DA:23,16
DA:24,16
DA:28,1
DA:29,1
DA:30,1
DA:31,1
DA:33,0
DA:35,1
DA:36,1
DA:37,1
DA:38,1
DA:39,0
DA:40,0
DA:42,1
DA:43,0
DA:44,0
DA:47,0
DA:50,1
DA:54,16
DA:55,16
DA:56,16
DA:57,16
DA:58,16
DA:61,3
DA:64,3
DA:67,0
DA:70,0
DA:79,16
DA:80,16
DA:81,16
DA:86,16
DA:89,16
DA:90,16
DA:91,11
DA:94,5
DA:95,5
DA:96,5
DA:99,0
DA:102,11
DA:103,11
DA:104,11
DA:106,11
DA:108,0
DA:121,1
DA:124,1
DA:126,1
DA:128,1
DA:129,1
DA:130,1
DA:131,1
DA:133,1
DA:140,1
DA:147,1
DA:149,1
DA:150,1
DA:153,1
DA:154,3
DA:156,3
DA:157,3
DA:159,0
DA:160,0
DA:162,0
DA:165,0
DA:167,0
DA:168,0
DA:170,0
DA:173,3
DA:174,3
DA:175,3
DA:178,0
DA:192,3
DA:196,3
DA:198,3
DA:200,3
DA:208,3
DA:214,3
DA:215,3
DA:217,0
DA:229,12
DA:231,12
DA:234,12
DA:235,415
DA:237,415
DA:238,0
DA:239,0
DA:241,0
DA:245,415
DA:254,12
DA:260,12
DA:261,12
DA:262,12
DA:264,0
DA:281,10
DA:290,10
DA:291,10
DA:292,0
DA:295,10
DA:296,1
DA:297,1
DA:298,1
DA:299,1
DA:302,1
DA:303,1
DA:304,1
DA:305,1
DA:306,1
DA:308,1
DA:309,1
DA:313,9
DA:314,9
DA:315,9
DA:316,9
DA:320,9
DA:321,9
DA:322,9
DA:323,9
DA:324,9
DA:326,9
DA:327,9
DA:339,1
DA:341,1
DA:343,1
DA:349,1
DA:355,1
DA:356,0
DA:358,1
LF:129
LH:104
BRDA:28,0,0,1
BRDA:28,0,1,0
BRDA:35,1,0,1
BRDA:35,2,0,0
BRDA:35,2,1,1
BRDA:35,3,0,1
BRDA:35,3,1,1
BRDA:38,4,0,0
BRDA:38,5,0,1
BRDA:38,5,1,1
BRDA:38,5,2,1
BRDA:42,6,0,0
BRDA:42,7,0,1
BRDA:42,7,1,1
BRDA:50,8,0,1
BRDA:50,8,1,0
BRDA:94,9,0,5
BRDA:94,10,0,0
BRDA:94,10,1,5
BRDA:94,11,0,5
BRDA:94,11,1,5
BRDA:94,12,0,0
BRDA:94,12,1,5
BRDA:94,13,0,5
BRDA:94,13,1,5
BRDA:94,14,0,0
BRDA:94,14,1,5
BRDA:94,15,0,5
BRDA:94,15,1,5
BRDA:122,16,0,1
BRDA:129,17,0,1
BRDA:130,18,0,1
BRDA:131,19,0,1
BRDA:150,20,0,1
BRDA:150,20,1,0
BRDA:156,21,0,3
BRDA:157,22,0,0
BRDA:159,23,0,0
BRDA:159,23,1,0
BRDA:167,24,0,0
BRDA:167,24,1,0
BRDA:173,25,0,3
BRDA:192,26,0,0
BRDA:193,27,0,0
BRDA:194,28,0,0
BRDA:237,29,0,0
BRDA:238,30,0,0
BRDA:238,30,1,0
BRDA:249,31,0,415
BRDA:249,31,1,0
BRDA:282,32,0,0
BRDA:283,33,0,0
BRDA:284,34,0,1
BRDA:285,35,0,1
BRDA:286,36,0,1
BRDA:291,37,0,0
BRDA:295,38,0,1
BRDA:295,38,1,9
BRDA:302,39,0,1
BRDA:303,40,0,1
BRDA:304,41,0,1
BRDA:305,42,0,1
BRDA:306,43,0,1
BRDA:320,44,0,9
BRDA:321,45,0,9
BRDA:322,46,0,9
BRDA:323,47,0,9
BRDA:324,48,0,9
BRF:68
BRH:44
end_of_record
TN:
SF:src/index.ts
FN:22,(anonymous_7)
FN:39,(anonymous_8)
FN:69,(anonymous_9)
FN:90,(anonymous_11)
FN:133,(anonymous_13)
FN:164,(anonymous_15)
FNF:6
FNH:5
FNDA:3,(anonymous_7)
FNDA:0,(anonymous_8)
FNDA:1,(anonymous_9)
FNDA:15,(anonymous_11)
FNDA:1,(anonymous_13)
FNDA:1,(anonymous_15)
DA:1,2
DA:9,2
DA:14,2
DA:23,3
DA:24,3
DA:27,3
DA:33,3
DA:34,3
DA:35,3
DA:40,0
DA:41,0
DA:42,0
DA:43,0
DA:45,0
DA:47,0
DA:48,0
DA:49,0
DA:50,0
DA:51,0
DA:52,0
DA:54,0
DA:55,0
DA:56,0
DA:59,0
DA:62,0
DA:70,1
DA:71,1
DA:72,1
DA:73,1
DA:74,1
DA:76,0
DA:96,15
DA:98,15
DA:103,15
DA:118,15
DA:119,15
DA:120,15
DA:123,0
DA:134,1
DA:136,1
DA:137,1
DA:142,1
DA:143,1
DA:144,1
DA:152,1
DA:155,0
DA:165,1
DA:166,1
DA:167,1
DA:168,1
DA:170,0
LF:51
LH:31
BRDA:33,0,0,3
BRDA:40,1,0,0
BRDA:40,1,1,0
BRDA:47,2,0,0
BRDA:47,3,0,0
BRDA:47,3,1,0
BRDA:47,4,0,0
BRDA:47,4,1,0
BRDA:50,5,0,0
BRDA:50,6,0,0
BRDA:50,6,1,0
BRDA:50,6,2,0
BRDA:54,7,0,0
BRDA:54,8,0,0
BRDA:54,8,1,0
BRDA:62,9,0,0
BRDA:62,9,1,0
BRDA:74,10,0,1
BRDA:74,10,1,0
BRDA:112,11,0,15
BRDA:112,11,1,0
BRDA:113,12,0,15
BRDA:113,12,1,0
BRF:23
BRH:4
end_of_record
